<?xml version="1.0" encoding="UTF-8"?>
<testng-results skipped="0" failed="0" total="1" passed="1">
  <reporter-output>
  </reporter-output>
  <suite name="Regression Suite" duration-ms="2477" started-at="2019-05-05T15:01:16Z" finished-at="2019-05-05T15:01:19Z">
    <groups>
      <group name="cucumber">
        <method signature="AbstractTestNGCucumberTests.feature(cucumber.api.testng.CucumberFeatureWrapper)[pri:0, instance:Runners.RegresRunner@6767c1fc]" name="feature" class="cucumber.api.testng.AbstractTestNGCucumberTests"/>
      </group> <!-- cucumber -->
    </groups>
    <test name="Regres" duration-ms="2477" started-at="2019-05-05T15:01:16Z" finished-at="2019-05-05T15:01:19Z">
      <class name="Runners.RegresRunner">
        <test-method status="PASS" signature="beforeSuite()[pri:0, instance:Runners.RegresRunner@6767c1fc]" name="beforeSuite" is-config="true" duration-ms="7" started-at="2019-05-05T11:01:16Z" finished-at="2019-05-05T11:01:16Z">
          <reporter-output>
          </reporter-output>
        </test-method> <!-- beforeSuite -->
        <test-method status="PASS" signature="setUpClass()[pri:0, instance:Runners.RegresRunner@6767c1fc]" name="setUpClass" is-config="true" duration-ms="175" started-at="2019-05-05T11:01:16Z" finished-at="2019-05-05T11:01:17Z">
          <reporter-output>
          </reporter-output>
        </test-method> <!-- setUpClass -->
        <test-method status="PASS" signature="beforeClass()[pri:0, instance:Runners.RegresRunner@6767c1fc]" name="beforeClass" is-config="true" duration-ms="0" started-at="2019-05-05T11:01:17Z" finished-at="2019-05-05T11:01:17Z">
          <reporter-output>
          </reporter-output>
        </test-method> <!-- beforeClass -->
        <test-method status="PASS" signature="feature(cucumber.api.testng.CucumberFeatureWrapper)[pri:0, instance:Runners.RegresRunner@6767c1fc]" name="feature" duration-ms="2199" started-at="2019-05-05T11:01:17Z" description="Runs Cucumber Feature" data-provider="features" finished-at="2019-05-05T11:01:19Z">
          <params>
            <param index="0">
              <value>
                <![CDATA[Login feature webservice]]>
              </value>
            </param>
          </params>
          <reporter-output>
          </reporter-output>
        </test-method> <!-- feature -->
        <test-method status="PASS" signature="afterClass()[pri:0, instance:Runners.RegresRunner@6767c1fc]" name="afterClass" is-config="true" duration-ms="2" started-at="2019-05-05T11:01:19Z" finished-at="2019-05-05T11:01:19Z">
          <reporter-output>
          </reporter-output>
        </test-method> <!-- afterClass -->
        <test-method status="PASS" signature="tearDownClass()[pri:0, instance:Runners.RegresRunner@6767c1fc]" name="tearDownClass" is-config="true" duration-ms="5" started-at="2019-05-05T11:01:19Z" finished-at="2019-05-05T11:01:19Z">
          <reporter-output>
          </reporter-output>
        </test-method> <!-- tearDownClass -->
        <test-method status="PASS" signature="afterSuite()[pri:0, instance:Runners.RegresRunner@6767c1fc]" name="afterSuite" is-config="true" duration-ms="0" started-at="2019-05-05T11:01:24Z" finished-at="2019-05-05T11:01:24Z">
          <reporter-output>
          </reporter-output>
        </test-method> <!-- afterSuite -->
      </class> <!-- Runners.RegresRunner -->
    </test> <!-- Regres -->
  </suite> <!-- Regression Suite -->
</testng-results>
