<?xml version="1.0" encoding="UTF-8"?>
<testng-results skipped="0" failed="0" total="1" passed="1">
  <reporter-output>
  </reporter-output>
  <suite name="Default suite" duration-ms="1921" started-at="2019-05-04T21:57:46Z" finished-at="2019-05-04T21:57:48Z">
    <groups>
    </groups>
    <test name="Default test" duration-ms="1921" started-at="2019-05-04T21:57:46Z" finished-at="2019-05-04T21:57:48Z">
      <class name="UnitTests.TestCreateUser">
        <test-method status="PASS" signature="testCreateUser()[pri:0, instance:UnitTests.TestCreateUser@20322d26]" name="testCreateUser" duration-ms="1909" started-at="2019-05-04T17:57:46Z" finished-at="2019-05-04T17:57:48Z">
          <reporter-output>
          </reporter-output>
        </test-method> <!-- testCreateUser -->
      </class> <!-- UnitTests.TestCreateUser -->
    </test> <!-- Default test -->
  </suite> <!-- Default suite -->
</testng-results>
